{"numTotalTestSuites":156,"numPassedTestSuites":149,"numFailedTestSuites":7,"numPendingTestSuites":0,"numTotalTests":199,"numPassedTests":196,"numFailedTests":3,"numPendingTests":0,"numTodoTests":0,"snapshot":{"added":0,"failure":false,"filesAdded":0,"filesRemoved":0,"filesRemovedList":[],"filesUnmatched":0,"filesUpdated":0,"matched":0,"total":0,"unchecked":0,"uncheckedKeysByFile":[],"unmatched":0,"updated":0,"didUpdate":false},"startTime":1763973025241,"success":false,"testResults":[{"assertionResults":[{"ancestorTitles":["BuildingSystem","Inicialización"],"fullName":"BuildingSystem Inicialización debe inicializar correctamente","status":"passed","title":"debe inicializar correctamente","duration":0.8767759999999498,"failureMessages":[],"location":{"line":37,"column":5},"meta":{}},{"ancestorTitles":["BuildingSystem","Actualización del sistema"],"fullName":"BuildingSystem Actualización del sistema debe actualizar sin errores","status":"passed","title":"debe actualizar sin errores","duration":0.8357750000000124,"failureMessages":[],"location":{"line":43,"column":5},"meta":{}}],"startTime":1763973025792,"endTime":1763973025793.8357,"status":"passed","message":"","name":"/datos/repos/Personal/UnaCartaParaIsaBackend/tests/systems/BuildingSystem.test.ts"},{"assertionResults":[{"ancestorTitles":["CombatSystem","Inicialización"],"fullName":"CombatSystem Inicialización debe inicializar correctamente","status":"passed","title":"debe inicializar correctamente","duration":0.15014099999996233,"failureMessages":[],"location":{"line":47,"column":5},"meta":{}},{"ancestorTitles":["CombatSystem","Equipamiento de armas"],"fullName":"CombatSystem Equipamiento de armas debe equipar arma","status":"passed","title":"debe equipar arma","duration":0.47916300000008505,"failureMessages":[],"location":{"line":53,"column":5},"meta":{}},{"ancestorTitles":["CombatSystem","Equipamiento de armas"],"fullName":"CombatSystem Equipamiento de armas debe retornar arma equipada","status":"passed","title":"debe retornar arma equipada","duration":1.1386369999999033,"failureMessages":[],"location":{"line":60,"column":5},"meta":{}},{"ancestorTitles":["CombatSystem","Equipamiento de armas"],"fullName":"CombatSystem Equipamiento de armas debe retornar unarmed si no hay arma equipada","status":"passed","title":"debe retornar unarmed si no hay arma equipada","duration":0.15242100000000391,"failureMessages":[],"location":{"line":69,"column":5},"meta":{}},{"ancestorTitles":["CombatSystem","Actualización del sistema"],"fullName":"CombatSystem Actualización del sistema debe actualizar sin errores","status":"passed","title":"debe actualizar sin errores","duration":0.3063319999999976,"failureMessages":[],"location":{"line":76,"column":5},"meta":{}}],"startTime":1763973025916,"endTime":1763973025918.4792,"status":"passed","message":"","name":"/datos/repos/Personal/UnaCartaParaIsaBackend/tests/systems/CombatSystem.test.ts"},{"assertionResults":[{"ancestorTitles":["ConflictResolutionSystem","Inicialización"],"fullName":"ConflictResolutionSystem Inicialización debe inicializar correctamente","status":"passed","title":"debe inicializar correctamente","duration":0.1291510000000926,"failureMessages":[],"location":{"line":16,"column":5},"meta":{}},{"ancestorTitles":["ConflictResolutionSystem","Manejo de golpes en combate"],"fullName":"ConflictResolutionSystem Manejo de golpes en combate debe manejar golpe en combate","status":"passed","title":"debe manejar golpe en combate","duration":0.9405460000000403,"failureMessages":[],"location":{"line":22,"column":5},"meta":{}},{"ancestorTitles":["ConflictResolutionSystem","Manejo de golpes en combate"],"fullName":"ConflictResolutionSystem Manejo de golpes en combate debe proponer tregua cuando la salud es baja","status":"passed","title":"debe proponer tregua cuando la salud es baja","duration":0.14950100000010025,"failureMessages":[],"location":{"line":33,"column":5},"meta":{}},{"ancestorTitles":["ConflictResolutionSystem","Resolución de conflictos"],"fullName":"ConflictResolutionSystem Resolución de conflictos debe resolver conflicto con tregua","status":"passed","title":"debe resolver conflicto con tregua","duration":0.47267299999998613,"failureMessages":[],"location":{"line":45,"column":5},"meta":{}},{"ancestorTitles":["ConflictResolutionSystem","Resolución de conflictos"],"fullName":"ConflictResolutionSystem Resolución de conflictos debe resolver conflicto con disculpa","status":"passed","title":"debe resolver conflicto con disculpa","duration":0.13053100000001905,"failureMessages":[],"location":{"line":59,"column":5},"meta":{}},{"ancestorTitles":["ConflictResolutionSystem","Estadísticas"],"fullName":"ConflictResolutionSystem Estadísticas debe retornar estadísticas de conflictos","status":"passed","title":"debe retornar estadísticas de conflictos","duration":0.18406099999992875,"failureMessages":[],"location":{"line":75,"column":5},"meta":{}}],"startTime":1763973026153,"endTime":1763973026155.184,"status":"passed","message":"","name":"/datos/repos/Personal/UnaCartaParaIsaBackend/tests/systems/ConflictResolutionSystem.test.ts"},{"assertionResults":[{"ancestorTitles":["CraftingSystem","Inicialización"],"fullName":"CraftingSystem Inicialización debe inicializar correctamente","status":"passed","title":"debe inicializar correctamente","duration":0.19161100000002307,"failureMessages":[],"location":{"line":35,"column":5},"meta":{}},{"ancestorTitles":["CraftingSystem","Verificación de crafting"],"fullName":"CraftingSystem Verificación de crafting debe verificar si se puede craftear arma","status":"passed","title":"debe verificar si se puede craftear arma","duration":1.1282079999999723,"failureMessages":[],"location":{"line":41,"column":5},"meta":{}},{"ancestorTitles":["CraftingSystem","Verificación de crafting"],"fullName":"CraftingSystem Verificación de crafting debe retornar false si no hay estación de crafting","status":"passed","title":"debe retornar false si no hay estación de crafting","duration":0.14818099999996548,"failureMessages":[],"location":{"line":47,"column":5},"meta":{}},{"ancestorTitles":["CraftingSystem","Crafting de armas"],"fullName":"CraftingSystem Crafting de armas debe sugerir zona de crafting","status":"passed","title":"debe sugerir zona de crafting","duration":0.24958099999997785,"failureMessages":[],"location":{"line":60,"column":5},"meta":{}},{"ancestorTitles":["CraftingSystem","Crafting de armas"],"fullName":"CraftingSystem Crafting de armas debe retornar undefined si no hay estación","status":"passed","title":"debe retornar undefined si no hay estación","duration":0.19566199999997025,"failureMessages":[],"location":{"line":65,"column":5},"meta":{}},{"ancestorTitles":["CraftingSystem","Configuración personalizada"],"fullName":"CraftingSystem Configuración personalizada debe aceptar configuración personalizada","status":"passed","title":"debe aceptar configuración personalizada","duration":0.1680210000000102,"failureMessages":[],"location":{"line":77,"column":5},"meta":{}}],"startTime":1763973025543,"endTime":1763973025545.1956,"status":"passed","message":"","name":"/datos/repos/Personal/UnaCartaParaIsaBackend/tests/systems/CraftingSystem.test.ts"},{"assertionResults":[{"ancestorTitles":["DivineFavorSystem","Inicialización"],"fullName":"DivineFavorSystem Inicialización debe inicializar correctamente","status":"passed","title":"debe inicializar correctamente","duration":0.19317100000000664,"failureMessages":[],"location":{"line":12,"column":5},"meta":{}},{"ancestorTitles":["DivineFavorSystem","Gestión de favores"],"fullName":"DivineFavorSystem Gestión de favores debe obtener favor de linaje","status":"failed","title":"debe obtener favor de linaje","duration":1.2867280000000392,"failureMessages":["AssertionError: expected undefined to be defined\n    at /datos/repos/Personal/UnaCartaParaIsaBackend/tests/systems/DivineFavorSystem.test.ts:20:21\n    at file:///datos/repos/Personal/UnaCartaParaIsaBackend/node_modules/@vitest/runner/dist/chunk-hooks.js:155:11\n    at file:///datos/repos/Personal/UnaCartaParaIsaBackend/node_modules/@vitest/runner/dist/chunk-hooks.js:752:26\n    at file:///datos/repos/Personal/UnaCartaParaIsaBackend/node_modules/@vitest/runner/dist/chunk-hooks.js:1897:20\n    at new Promise (<anonymous>)\n    at runWithTimeout (file:///datos/repos/Personal/UnaCartaParaIsaBackend/node_modules/@vitest/runner/dist/chunk-hooks.js:1863:10)\n    at runTest (file:///datos/repos/Personal/UnaCartaParaIsaBackend/node_modules/@vitest/runner/dist/chunk-hooks.js:1574:12)\n    at runSuite (file:///datos/repos/Personal/UnaCartaParaIsaBackend/node_modules/@vitest/runner/dist/chunk-hooks.js:1729:8)\n    at runSuite (file:///datos/repos/Personal/UnaCartaParaIsaBackend/node_modules/@vitest/runner/dist/chunk-hooks.js:1729:8)\n    at runSuite (file:///datos/repos/Personal/UnaCartaParaIsaBackend/node_modules/@vitest/runner/dist/chunk-hooks.js:1729:8)"],"location":{"line":18,"column":5},"meta":{}},{"ancestorTitles":["DivineFavorSystem","Bendiciones"],"fullName":"DivineFavorSystem Bendiciones debe otorgar bendición","status":"passed","title":"debe otorgar bendición","duration":0.28588200000001507,"failureMessages":[],"location":{"line":26,"column":5},"meta":{}},{"ancestorTitles":["DivineFavorSystem","Bendiciones"],"fullName":"DivineFavorSystem Bendiciones debe retornar null si no hay poder suficiente","status":"passed","title":"debe retornar null si no hay poder suficiente","duration":0.21894200000008368,"failureMessages":[],"location":{"line":31,"column":5},"meta":{}},{"ancestorTitles":["DivineFavorSystem","Multiplicadores"],"fullName":"DivineFavorSystem Multiplicadores debe retornar multiplicador para linaje","status":"passed","title":"debe retornar multiplicador para linaje","duration":1.2484580000000278,"failureMessages":[],"location":{"line":40,"column":5},"meta":{}},{"ancestorTitles":["DivineFavorSystem","Actualización del sistema"],"fullName":"DivineFavorSystem Actualización del sistema debe actualizar sin errores","status":"passed","title":"debe actualizar sin errores","duration":0.5639840000000049,"failureMessages":[],"location":{"line":47,"column":5},"meta":{}}],"startTime":1763973025894,"endTime":1763973025898.564,"status":"failed","message":"","name":"/datos/repos/Personal/UnaCartaParaIsaBackend/tests/systems/DivineFavorSystem.test.ts"},{"assertionResults":[{"ancestorTitles":["EconomySystem","Inicialización"],"fullName":"EconomySystem Inicialización debe inicializar correctamente","status":"passed","title":"debe inicializar correctamente","duration":0.14411099999995258,"failureMessages":[],"location":{"line":58,"column":5},"meta":{}},{"ancestorTitles":["EconomySystem","Acciones de trabajo"],"fullName":"EconomySystem Acciones de trabajo debe manejar acción de trabajo en zona de madera","status":"passed","title":"debe manejar acción de trabajo en zona de madera","duration":0.4070330000000695,"failureMessages":[],"location":{"line":64,"column":5},"meta":{}},{"ancestorTitles":["EconomySystem","Acciones de trabajo"],"fullName":"EconomySystem Acciones de trabajo debe manejar acción de trabajo en zona de comida","status":"passed","title":"debe manejar acción de trabajo en zona de comida","duration":1.8964220000000296,"failureMessages":[],"location":{"line":72,"column":5},"meta":{}},{"ancestorTitles":["EconomySystem","Acciones de trabajo"],"fullName":"EconomySystem Acciones de trabajo no debe hacer nada si el agente no existe","status":"passed","title":"no debe hacer nada si el agente no existe","duration":0.646253999999999,"failureMessages":[],"location":{"line":80,"column":5},"meta":{}},{"ancestorTitles":["EconomySystem","Acciones de trabajo"],"fullName":"EconomySystem Acciones de trabajo no debe hacer nada si la zona no existe","status":"passed","title":"no debe hacer nada si la zona no existe","duration":0.2375409999999647,"failureMessages":[],"location":{"line":86,"column":5},"meta":{}},{"ancestorTitles":["EconomySystem","Actualización del sistema"],"fullName":"EconomySystem Actualización del sistema debe actualizar sin errores","status":"passed","title":"debe actualizar sin errores","duration":0.21546200000000226,"failureMessages":[],"location":{"line":94,"column":5},"meta":{}},{"ancestorTitles":["EconomySystem","Configuración personalizada"],"fullName":"EconomySystem Configuración personalizada debe aceptar configuración personalizada","status":"passed","title":"debe aceptar configuración personalizada","duration":0.15362099999993006,"failureMessages":[],"location":{"line":100,"column":5},"meta":{}}],"startTime":1763973025783,"endTime":1763973025787.1536,"status":"passed","message":"","name":"/datos/repos/Personal/UnaCartaParaIsaBackend/tests/systems/EconomySystem.test.ts"},{"assertionResults":[{"ancestorTitles":["EmergenceSystem","Inicialización"],"fullName":"EmergenceSystem Inicialización debe inicializar correctamente","status":"passed","title":"debe inicializar correctamente","duration":0.14796100000000934,"failureMessages":[],"location":{"line":35,"column":5},"meta":{}},{"ancestorTitles":["EmergenceSystem","Inicialización"],"fullName":"EmergenceSystem Inicialización debe tener métricas iniciales","status":"passed","title":"debe tener métricas iniciales","duration":0.16920099999993,"failureMessages":[],"location":{"line":39,"column":5},"meta":{}},{"ancestorTitles":["EmergenceSystem","Actualización del sistema"],"fullName":"EmergenceSystem Actualización del sistema debe actualizar correctamente","status":"passed","title":"debe actualizar correctamente","duration":0.16118100000005597,"failureMessages":[],"location":{"line":50,"column":5},"meta":{}},{"ancestorTitles":["EmergenceSystem","Actualización del sistema"],"fullName":"EmergenceSystem Actualización del sistema debe evaluar patrones periódicamente","status":"passed","title":"debe evaluar patrones periódicamente","duration":0.40379300000006424,"failureMessages":[],"location":{"line":56,"column":5},"meta":{}},{"ancestorTitles":["EmergenceSystem","Gestión de patrones"],"fullName":"EmergenceSystem Gestión de patrones debe detectar patrones emergentes","status":"passed","title":"debe detectar patrones emergentes","duration":0.11308099999996557,"failureMessages":[],"location":{"line":65,"column":5},"meta":{}},{"ancestorTitles":["EmergenceSystem","Gestión de patrones"],"fullName":"EmergenceSystem Gestión de patrones debe limpiar patrones expirados","status":"passed","title":"debe limpiar patrones expirados","duration":0.17319099999997434,"failureMessages":[],"location":{"line":71,"column":5},"meta":{}},{"ancestorTitles":["EmergenceSystem","Gestión de patrones"],"fullName":"EmergenceSystem Gestión de patrones debe permitir forzar evaluación de patrones","status":"passed","title":"debe permitir forzar evaluación de patrones","duration":0.0886600000000044,"failureMessages":[],"location":{"line":78,"column":5},"meta":{}},{"ancestorTitles":["EmergenceSystem","Métricas"],"fullName":"EmergenceSystem Métricas debe calcular métricas de emergencia","status":"passed","title":"debe calcular métricas de emergencia","duration":0.3020219999999654,"failureMessages":[],"location":{"line":86,"column":5},"meta":{}},{"ancestorTitles":["EmergenceSystem","Métricas"],"fullName":"EmergenceSystem Métricas debe mantener historial de métricas","status":"passed","title":"debe mantener historial de métricas","duration":0.23262099999999464,"failureMessages":[],"location":{"line":97,"column":5},"meta":{}},{"ancestorTitles":["EmergenceSystem","Métricas"],"fullName":"EmergenceSystem Métricas debe retornar estadísticas del sistema","status":"passed","title":"debe retornar estadísticas del sistema","duration":0.3112020000000939,"failureMessages":[],"location":{"line":104,"column":5},"meta":{}},{"ancestorTitles":["EmergenceSystem","Métricas"],"fullName":"EmergenceSystem Métricas debe retornar estadísticas completas del sistema","status":"passed","title":"debe retornar estadísticas completas del sistema","duration":0.2250219999999672,"failureMessages":[],"location":{"line":111,"column":5},"meta":{}},{"ancestorTitles":["EmergenceSystem","Bucles de retroalimentación"],"fullName":"EmergenceSystem Bucles de retroalimentación debe gestionar bucles de retroalimentación","status":"passed","title":"debe gestionar bucles de retroalimentación","duration":1.5424899999999298,"failureMessages":[],"location":{"line":120,"column":5},"meta":{}},{"ancestorTitles":["EmergenceSystem","Configuración personalizada"],"fullName":"EmergenceSystem Configuración personalizada debe aceptar configuración personalizada","status":"passed","title":"debe aceptar configuración personalizada","duration":0.08895000000006803,"failureMessages":[],"location":{"line":128,"column":5},"meta":{}}],"startTime":1763973025661,"endTime":1763973025666.0889,"status":"passed","message":"","name":"/datos/repos/Personal/UnaCartaParaIsaBackend/tests/systems/EmergenceSystem.test.ts"},{"assertionResults":[{"ancestorTitles":["GenealogySystem","Inicialización"],"fullName":"GenealogySystem Inicialización debe inicializar correctamente","status":"passed","title":"debe inicializar correctamente","duration":0.9355060000000321,"failureMessages":[],"location":{"line":17,"column":5},"meta":{}},{"ancestorTitles":["GenealogySystem","Registro de nacimientos"],"fullName":"GenealogySystem Registro de nacimientos debe registrar nacimiento","status":"passed","title":"debe registrar nacimiento","duration":0.5875239999999735,"failureMessages":[],"location":{"line":23,"column":5},"meta":{}},{"ancestorTitles":["GenealogySystem","Registro de nacimientos"],"fullName":"GenealogySystem Registro de nacimientos debe registrar nacimiento con padres","status":"passed","title":"debe registrar nacimiento con padres","duration":0.264411999999993,"failureMessages":[],"location":{"line":39,"column":5},"meta":{}}],"startTime":1763973025532,"endTime":1763973025534.2644,"status":"passed","message":"","name":"/datos/repos/Personal/UnaCartaParaIsaBackend/tests/systems/GenealogySystem.test.ts"},{"assertionResults":[{"ancestorTitles":["GovernanceSystem","Inicialización"],"fullName":"GovernanceSystem Inicialización debe inicializar correctamente","status":"passed","title":"debe inicializar correctamente","duration":0.10241999999999507,"failureMessages":[],"location":{"line":81,"column":5},"meta":{}},{"ancestorTitles":["GovernanceSystem","Inicialización"],"fullName":"GovernanceSystem Inicialización debe tener políticas por defecto","status":"passed","title":"debe tener políticas por defecto","duration":0.15716100000003053,"failureMessages":[],"location":{"line":85,"column":5},"meta":{}},{"ancestorTitles":["GovernanceSystem","Actualización del sistema"],"fullName":"GovernanceSystem Actualización del sistema debe actualizar correctamente","status":"passed","title":"debe actualizar correctamente","duration":0.1989709999999718,"failureMessages":[],"location":{"line":92,"column":5},"meta":{}},{"ancestorTitles":["GovernanceSystem","Actualización del sistema"],"fullName":"GovernanceSystem Actualización del sistema debe verificar necesidades del asentamiento","status":"passed","title":"debe verificar necesidades del asentamiento","duration":0.14927099999999882,"failureMessages":[],"location":{"line":98,"column":5},"meta":{}},{"ancestorTitles":["GovernanceSystem","Gestión de políticas"],"fullName":"GovernanceSystem Gestión de políticas debe permitir habilitar/deshabilitar políticas","status":"passed","title":"debe permitir habilitar/deshabilitar políticas","duration":0.3039919999999938,"failureMessages":[],"location":{"line":108,"column":5},"meta":{}},{"ancestorTitles":["GovernanceSystem","Gestión de demandas"],"fullName":"GovernanceSystem Gestión de demandas debe crear demandas cuando se detectan problemas","status":"passed","title":"debe crear demandas cuando se detectan problemas","duration":0.4668829999999957,"failureMessages":[],"location":{"line":122,"column":5},"meta":{}},{"ancestorTitles":["GovernanceSystem","Gestión de demandas"],"fullName":"GovernanceSystem Gestión de demandas debe expirar demandas antiguas","status":"passed","title":"debe expirar demandas antiguas","duration":0.20484099999998762,"failureMessages":[],"location":{"line":130,"column":5},"meta":{}},{"ancestorTitles":["GovernanceSystem","Estadísticas del asentamiento"],"fullName":"GovernanceSystem Estadísticas del asentamiento debe calcular estadísticas del asentamiento","status":"passed","title":"debe calcular estadísticas del asentamiento","duration":1.1437980000000039,"failureMessages":[],"location":{"line":139,"column":5},"meta":{}},{"ancestorTitles":["GovernanceSystem","Configuración personalizada"],"fullName":"GovernanceSystem Configuración personalizada debe aceptar configuración personalizada","status":"passed","title":"debe aceptar configuración personalizada","duration":0.20468099999999367,"failureMessages":[],"location":{"line":150,"column":5},"meta":{}}],"startTime":1763973025415,"endTime":1763973025418.2046,"status":"passed","message":"","name":"/datos/repos/Personal/UnaCartaParaIsaBackend/tests/systems/GovernanceSystem.test.ts"},{"assertionResults":[{"ancestorTitles":["HouseholdSystem","Inicialización"],"fullName":"HouseholdSystem Inicialización debe inicializar correctamente","status":"passed","title":"debe inicializar correctamente","duration":0.27069199999994,"failureMessages":[],"location":{"line":45,"column":5},"meta":{}},{"ancestorTitles":["HouseholdSystem","Actualización del sistema"],"fullName":"HouseholdSystem Actualización del sistema debe actualizar sin errores","status":"passed","title":"debe actualizar sin errores","duration":2.054554000000053,"failureMessages":[],"location":{"line":51,"column":5},"meta":{}},{"ancestorTitles":["HouseholdSystem","Estadísticas"],"fullName":"HouseholdSystem Estadísticas debe retornar estadísticas del sistema","status":"passed","title":"debe retornar estadísticas del sistema","duration":0.3101120000000037,"failureMessages":[],"location":{"line":57,"column":5},"meta":{}}],"startTime":1763973026046,"endTime":1763973026049.31,"status":"passed","message":"","name":"/datos/repos/Personal/UnaCartaParaIsaBackend/tests/systems/HouseholdSystem.test.ts"},{"assertionResults":[{"ancestorTitles":["InventorySystem","Inicialización"],"fullName":"InventorySystem Inicialización debe inicializar correctamente","status":"passed","title":"debe inicializar correctamente","duration":0.07458100000008017,"failureMessages":[],"location":{"line":13,"column":5},"meta":{}},{"ancestorTitles":["InventorySystem","Gestión de inventarios de agentes"],"fullName":"InventorySystem Gestión de inventarios de agentes debe inicializar inventario de agente","status":"passed","title":"debe inicializar inventario de agente","duration":0.18131099999993694,"failureMessages":[],"location":{"line":19,"column":5},"meta":{}},{"ancestorTitles":["InventorySystem","Gestión de inventarios de agentes"],"fullName":"InventorySystem Gestión de inventarios de agentes debe aceptar capacidad personalizada","status":"passed","title":"debe aceptar capacidad personalizada","duration":0.10421999999994114,"failureMessages":[],"location":{"line":29,"column":5},"meta":{}},{"ancestorTitles":["InventorySystem","Gestión de inventarios de agentes"],"fullName":"InventorySystem Gestión de inventarios de agentes debe retornar inventario de agente","status":"passed","title":"debe retornar inventario de agente","duration":0.3864330000000109,"failureMessages":[],"location":{"line":34,"column":5},"meta":{}},{"ancestorTitles":["InventorySystem","Gestión de inventarios de agentes"],"fullName":"InventorySystem Gestión de inventarios de agentes debe retornar undefined para agente inexistente","status":"passed","title":"debe retornar undefined para agente inexistente","duration":0.07425000000000637,"failureMessages":[],"location":{"line":40,"column":5},"meta":{}},{"ancestorTitles":["InventorySystem","Gestión de recursos"],"fullName":"InventorySystem Gestión de recursos debe agregar recursos a inventario de agente","status":"passed","title":"debe agregar recursos a inventario de agente","duration":0.09021099999995386,"failureMessages":[],"location":{"line":47,"column":5},"meta":{}},{"ancestorTitles":["InventorySystem","Gestión de recursos"],"fullName":"InventorySystem Gestión de recursos debe respetar capacidad máxima","status":"passed","title":"debe respetar capacidad máxima","duration":0.30523200000004636,"failureMessages":[],"location":{"line":56,"column":5},"meta":{}},{"ancestorTitles":["InventorySystem","Gestión de recursos"],"fullName":"InventorySystem Gestión de recursos debe retornar false si no hay espacio","status":"passed","title":"debe retornar false si no hay espacio","duration":0.179691000000048,"failureMessages":[],"location":{"line":66,"column":5},"meta":{}},{"ancestorTitles":["InventorySystem","Gestión de recursos"],"fullName":"InventorySystem Gestión de recursos debe remover recursos de agente","status":"passed","title":"debe remover recursos de agente","duration":0.18057099999998627,"failureMessages":[],"location":{"line":73,"column":5},"meta":{}},{"ancestorTitles":["InventorySystem","Gestión de recursos"],"fullName":"InventorySystem Gestión de recursos debe remover solo lo disponible","status":"passed","title":"debe remover solo lo disponible","duration":0.07856099999992239,"failureMessages":[],"location":{"line":83,"column":5},"meta":{}},{"ancestorTitles":["InventorySystem","Gestión de stockpiles"],"fullName":"InventorySystem Gestión de stockpiles debe crear stockpile","status":"passed","title":"debe crear stockpile","duration":0.20560199999999895,"failureMessages":[],"location":{"line":95,"column":5},"meta":{}},{"ancestorTitles":["InventorySystem","Gestión de stockpiles"],"fullName":"InventorySystem Gestión de stockpiles debe retornar stockpile por ID","status":"passed","title":"debe retornar stockpile por ID","duration":0.12156100000004244,"failureMessages":[],"location":{"line":102,"column":5},"meta":{}},{"ancestorTitles":["InventorySystem","Gestión de stockpiles"],"fullName":"InventorySystem Gestión de stockpiles debe retornar stockpiles en zona","status":"passed","title":"debe retornar stockpiles en zona","duration":0.1190599999999904,"failureMessages":[],"location":{"line":109,"column":5},"meta":{}},{"ancestorTitles":["InventorySystem","Gestión de stockpiles"],"fullName":"InventorySystem Gestión de stockpiles debe agregar recursos a stockpile","status":"passed","title":"debe agregar recursos a stockpile","duration":0.203132000000096,"failureMessages":[],"location":{"line":116,"column":5},"meta":{}},{"ancestorTitles":["InventorySystem","Gestión de stockpiles"],"fullName":"InventorySystem Gestión de stockpiles debe consumir recursos de stockpile","status":"passed","title":"debe consumir recursos de stockpile","duration":0.4236630000000332,"failureMessages":[],"location":{"line":125,"column":5},"meta":{}},{"ancestorTitles":["InventorySystem","Gestión de stockpiles"],"fullName":"InventorySystem Gestión de stockpiles debe retornar false si no hay suficientes recursos","status":"passed","title":"debe retornar false si no hay suficientes recursos","duration":0.1609809999999925,"failureMessages":[],"location":{"line":141,"column":5},"meta":{}},{"ancestorTitles":["InventorySystem","Estadísticas del sistema"],"fullName":"InventorySystem Estadísticas del sistema debe retornar estadísticas del sistema","status":"passed","title":"debe retornar estadísticas del sistema","duration":1.1384370000000672,"failureMessages":[],"location":{"line":153,"column":5},"meta":{}},{"ancestorTitles":["InventorySystem","Actualización del sistema"],"fullName":"InventorySystem Actualización del sistema debe actualizar sin errores","status":"passed","title":"debe actualizar sin errores","duration":0.47948300000007293,"failureMessages":[],"location":{"line":165,"column":5},"meta":{}},{"ancestorTitles":["InventorySystem","Actualización del sistema"],"fullName":"InventorySystem Actualización del sistema debe degradar comida y agua con el tiempo","status":"passed","title":"debe degradar comida y agua con el tiempo","duration":0.22202200000003813,"failureMessages":[],"location":{"line":169,"column":5},"meta":{}}],"startTime":1763973025669,"endTime":1763973025674.222,"status":"passed","message":"","name":"/datos/repos/Personal/UnaCartaParaIsaBackend/tests/systems/InventorySystem.test.ts"},{"assertionResults":[{"ancestorTitles":["LifeCycleSystem","Inicialización"],"fullName":"LifeCycleSystem Inicialización debe inicializar correctamente","status":"passed","title":"debe inicializar correctamente","duration":0.151691000000028,"failureMessages":[],"location":{"line":18,"column":5},"meta":{}},{"ancestorTitles":["LifeCycleSystem","Gestión de agentes"],"fullName":"LifeCycleSystem Gestión de agentes debe spawnear agente","status":"passed","title":"debe spawnear agente","duration":0.23446200000000772,"failureMessages":[],"location":{"line":24,"column":5},"meta":{}},{"ancestorTitles":["LifeCycleSystem","Gestión de agentes"],"fullName":"LifeCycleSystem Gestión de agentes debe agregar agente","status":"passed","title":"debe agregar agente","duration":0.27080100000000584,"failureMessages":[],"location":{"line":32,"column":5},"meta":{}},{"ancestorTitles":["LifeCycleSystem","Gestión de agentes"],"fullName":"LifeCycleSystem Gestión de agentes debe retornar todos los agentes","status":"passed","title":"debe retornar todos los agentes","duration":0.18437199999993936,"failureMessages":[],"location":{"line":39,"column":5},"meta":{}},{"ancestorTitles":["LifeCycleSystem","Gestión de agentes"],"fullName":"LifeCycleSystem Gestión de agentes debe remover agente","status":"passed","title":"debe remover agente","duration":1.7452809999999772,"failureMessages":[],"location":{"line":46,"column":5},"meta":{}},{"ancestorTitles":["LifeCycleSystem","Gestión de agentes"],"fullName":"LifeCycleSystem Gestión de agentes debe matar agente","status":"passed","title":"debe matar agente","duration":0.2422719999999572,"failureMessages":[],"location":{"line":53,"column":5},"meta":{}},{"ancestorTitles":["LifeCycleSystem","Actualización del ciclo de vida"],"fullName":"LifeCycleSystem Actualización del ciclo de vida debe actualizar edad de agentes","status":"passed","title":"debe actualizar edad de agentes","duration":0.18388100000004215,"failureMessages":[],"location":{"line":63,"column":5},"meta":{}},{"ancestorTitles":["LifeCycleSystem","Actualización del ciclo de vida"],"fullName":"LifeCycleSystem Actualización del ciclo de vida debe cambiar etapa de vida según edad","status":"passed","title":"debe cambiar etapa de vida según edad","duration":0.3052020000000084,"failureMessages":[],"location":{"line":73,"column":5},"meta":{}},{"ancestorTitles":["LifeCycleSystem","Actualización del ciclo de vida"],"fullName":"LifeCycleSystem Actualización del ciclo de vida debe remover agentes que exceden edad máxima","status":"passed","title":"debe remover agentes que exceden edad máxima","duration":0.17361099999993712,"failureMessages":[],"location":{"line":87,"column":5},"meta":{}},{"ancestorTitles":["LifeCycleSystem","Actualización del ciclo de vida"],"fullName":"LifeCycleSystem Actualización del ciclo de vida no debe envejecer agentes inmortales","status":"passed","title":"no debe envejecer agentes inmortales","duration":0.1458310000000438,"failureMessages":[],"location":{"line":97,"column":5},"meta":{}},{"ancestorTitles":["LifeCycleSystem","Configuración personalizada"],"fullName":"LifeCycleSystem Configuración personalizada debe aceptar configuración personalizada","status":"passed","title":"debe aceptar configuración personalizada","duration":0.07322099999998954,"failureMessages":[],"location":{"line":109,"column":5},"meta":{}}],"startTime":1763973025650,"endTime":1763973025654.0732,"status":"passed","message":"","name":"/datos/repos/Personal/UnaCartaParaIsaBackend/tests/systems/LifeCycleSystem.test.ts"},{"assertionResults":[{"ancestorTitles":["MarketSystem","Inicialización"],"fullName":"MarketSystem Inicialización debe inicializar correctamente","status":"passed","title":"debe inicializar correctamente","duration":0.10459100000002763,"failureMessages":[],"location":{"line":50,"column":5},"meta":{}},{"ancestorTitles":["MarketSystem","Precios de recursos"],"fullName":"MarketSystem Precios de recursos debe retornar precio de recurso","status":"passed","title":"debe retornar precio de recurso","duration":0.15526099999999587,"failureMessages":[],"location":{"line":56,"column":5},"meta":{}},{"ancestorTitles":["MarketSystem","Precios de recursos"],"fullName":"MarketSystem Precios de recursos debe calcular precio según escasez","status":"passed","title":"debe calcular precio según escasez","duration":0.12521000000003824,"failureMessages":[],"location":{"line":61,"column":5},"meta":{}},{"ancestorTitles":["MarketSystem","Compra de recursos"],"fullName":"MarketSystem Compra de recursos debe permitir comprar recursos","status":"passed","title":"debe permitir comprar recursos","duration":0.19065200000000004,"failureMessages":[],"location":{"line":73,"column":5},"meta":{}},{"ancestorTitles":["MarketSystem","Compra de recursos"],"fullName":"MarketSystem Compra de recursos debe retornar false si no hay suficiente dinero","status":"passed","title":"debe retornar false si no hay suficiente dinero","duration":0.34054200000002766,"failureMessages":[],"location":{"line":82,"column":5},"meta":{}},{"ancestorTitles":["MarketSystem","Compra de recursos"],"fullName":"MarketSystem Compra de recursos debe retornar false si el inventario está lleno","status":"passed","title":"debe retornar false si el inventario está lleno","duration":0.0957500000000664,"failureMessages":[],"location":{"line":92,"column":5},"meta":{}},{"ancestorTitles":["MarketSystem","Venta de recursos"],"fullName":"MarketSystem Venta de recursos debe permitir vender recursos","status":"passed","title":"debe permitir vender recursos","duration":1.5369599999999082,"failureMessages":[],"location":{"line":102,"column":5},"meta":{}},{"ancestorTitles":["MarketSystem","Venta de recursos"],"fullName":"MarketSystem Venta de recursos debe retornar 0 si no hay recursos para vender","status":"passed","title":"debe retornar 0 si no hay recursos para vender","duration":0.17054099999995742,"failureMessages":[],"location":{"line":113,"column":5},"meta":{}},{"ancestorTitles":["MarketSystem","Actualización del sistema"],"fullName":"MarketSystem Actualización del sistema debe actualizar sin errores","status":"passed","title":"debe actualizar sin errores","duration":0.5096440000000939,"failureMessages":[],"location":{"line":121,"column":5},"meta":{}}],"startTime":1763973025658,"endTime":1763973025661.5098,"status":"passed","message":"","name":"/datos/repos/Personal/UnaCartaParaIsaBackend/tests/systems/MarketSystem.test.ts"},{"assertionResults":[{"ancestorTitles":["MarriageSystem","Inicialización"],"fullName":"MarriageSystem Inicialización debe inicializar correctamente","status":"passed","title":"debe inicializar correctamente","duration":0.09558099999998149,"failureMessages":[],"location":{"line":16,"column":5},"meta":{}},{"ancestorTitles":["MarriageSystem","Propuestas de matrimonio"],"fullName":"MarriageSystem Propuestas de matrimonio debe crear propuesta de matrimonio","status":"passed","title":"debe crear propuesta de matrimonio","duration":0.13147099999997636,"failureMessages":[],"location":{"line":22,"column":5},"meta":{}},{"ancestorTitles":["MarriageSystem","Propuestas de matrimonio"],"fullName":"MarriageSystem Propuestas de matrimonio debe aceptar propuesta","status":"passed","title":"debe aceptar propuesta","duration":0.3295320000000288,"failureMessages":[],"location":{"line":27,"column":5},"meta":{}},{"ancestorTitles":["MarriageSystem","Propuestas de matrimonio"],"fullName":"MarriageSystem Propuestas de matrimonio debe rechazar propuesta","status":"passed","title":"debe rechazar propuesta","duration":0.13890100000003258,"failureMessages":[],"location":{"line":34,"column":5},"meta":{}},{"ancestorTitles":["MarriageSystem","Gestión de grupos"],"fullName":"MarriageSystem Gestión de grupos debe obtener grupos de matrimonio","status":"passed","title":"debe obtener grupos de matrimonio","duration":0.17043100000000777,"failureMessages":[],"location":{"line":42,"column":5},"meta":{}},{"ancestorTitles":["MarriageSystem","Gestión de grupos"],"fullName":"MarriageSystem Gestión de grupos debe obtener grupo por ID","status":"passed","title":"debe obtener grupo por ID","duration":0.3351430000000164,"failureMessages":[],"location":{"line":50,"column":5},"meta":{}},{"ancestorTitles":["MarriageSystem","Divorcio"],"fullName":"MarriageSystem Divorcio debe iniciar divorcio","status":"passed","title":"debe iniciar divorcio","duration":1.1210669999999823,"failureMessages":[],"location":{"line":62,"column":5},"meta":{}},{"ancestorTitles":["MarriageSystem","Estadísticas"],"fullName":"MarriageSystem Estadísticas debe retornar estadísticas","status":"passed","title":"debe retornar estadísticas","duration":0.21493099999997867,"failureMessages":[],"location":{"line":74,"column":5},"meta":{}}],"startTime":1763973025404,"endTime":1763973025407.2148,"status":"passed","message":"","name":"/datos/repos/Personal/UnaCartaParaIsaBackend/tests/systems/MarriageSystem.test.ts"},{"assertionResults":[{"ancestorTitles":["NeedsSystem","Inicialización"],"fullName":"NeedsSystem Inicialización debe inicializar correctamente","status":"passed","title":"debe inicializar correctamente","duration":0.14312099999995098,"failureMessages":[],"location":{"line":19,"column":5},"meta":{}},{"ancestorTitles":["NeedsSystem","Gestión de necesidades de entidades"],"fullName":"NeedsSystem Gestión de necesidades de entidades debe inicializar necesidades de entidad","status":"passed","title":"debe inicializar necesidades de entidad","duration":0.2697920000000522,"failureMessages":[],"location":{"line":25,"column":5},"meta":{}},{"ancestorTitles":["NeedsSystem","Gestión de necesidades de entidades"],"fullName":"NeedsSystem Gestión de necesidades de entidades debe retornar necesidades de entidad","status":"passed","title":"debe retornar necesidades de entidad","duration":1.0759070000000293,"failureMessages":[],"location":{"line":34,"column":5},"meta":{}},{"ancestorTitles":["NeedsSystem","Gestión de necesidades de entidades"],"fullName":"NeedsSystem Gestión de necesidades de entidades debe retornar undefined para entidad inexistente","status":"passed","title":"debe retornar undefined para entidad inexistente","duration":0.19664099999999962,"failureMessages":[],"location":{"line":41,"column":5},"meta":{}},{"ancestorTitles":["NeedsSystem","Gestión de necesidades de entidades"],"fullName":"NeedsSystem Gestión de necesidades de entidades debe retornar todas las necesidades","status":"passed","title":"debe retornar todas las necesidades","duration":0.14467100000001665,"failureMessages":[],"location":{"line":46,"column":5},"meta":{}},{"ancestorTitles":["NeedsSystem","Actualización de necesidades"],"fullName":"NeedsSystem Actualización de necesidades debe actualizar necesidades con el tiempo","status":"passed","title":"debe actualizar necesidades con el tiempo","duration":0.17223100000001068,"failureMessages":[],"location":{"line":55,"column":5},"meta":{}},{"ancestorTitles":["NeedsSystem","Actualización de necesidades"],"fullName":"NeedsSystem Actualización de necesidades debe degradar hambre con el tiempo","status":"passed","title":"debe degradar hambre con el tiempo","duration":0.12125100000002931,"failureMessages":[],"location":{"line":66,"column":5},"meta":{}},{"ancestorTitles":["NeedsSystem","Actualización de necesidades"],"fullName":"NeedsSystem Actualización de necesidades debe degradar sed con el tiempo","status":"passed","title":"debe degradar sed con el tiempo","duration":0.07974999999999,"failureMessages":[],"location":{"line":74,"column":5},"meta":{}},{"ancestorTitles":["NeedsSystem","Actualización de necesidades"],"fullName":"NeedsSystem Actualización de necesidades debe degradar energía con el tiempo","status":"passed","title":"debe degradar energía con el tiempo","duration":0.1290800000000445,"failureMessages":[],"location":{"line":82,"column":5},"meta":{}},{"ancestorTitles":["NeedsSystem","Actualización de necesidades"],"fullName":"NeedsSystem Actualización de necesidades no debe degradar necesidades por debajo de 0","status":"passed","title":"no debe degradar necesidades por debajo de 0","duration":0.3389430000000857,"failureMessages":[],"location":{"line":90,"column":5},"meta":{}},{"ancestorTitles":["NeedsSystem","Actualización de necesidades"],"fullName":"NeedsSystem Actualización de necesidades no debe actualizar necesidades de entidades muertas","status":"passed","title":"no debe actualizar necesidades de entidades muertas","duration":0.10804100000007111,"failureMessages":[],"location":{"line":104,"column":5},"meta":{}}],"startTime":1763973025898,"endTime":1763973025901.172,"status":"passed","message":"","name":"/datos/repos/Personal/UnaCartaParaIsaBackend/tests/systems/NeedsSystem.test.ts"},{"assertionResults":[{"ancestorTitles":["NormsSystem","Inicialización"],"fullName":"NormsSystem Inicialización debe inicializar correctamente","status":"passed","title":"debe inicializar correctamente","duration":0.21891100000004826,"failureMessages":[],"location":{"line":16,"column":5},"meta":{}},{"ancestorTitles":["NormsSystem","Manejo de combate en zonas"],"fullName":"NormsSystem Manejo de combate en zonas debe detectar violación en zona protegida","status":"failed","title":"debe detectar violación en zona protegida","duration":3.269311000000016,"failureMessages":["AssertionError: expected false to be true // Object.is equality\n    at /datos/repos/Personal/UnaCartaParaIsaBackend/tests/systems/NormsSystem.test.ts:29:31\n    at file:///datos/repos/Personal/UnaCartaParaIsaBackend/node_modules/@vitest/runner/dist/chunk-hooks.js:155:11\n    at file:///datos/repos/Personal/UnaCartaParaIsaBackend/node_modules/@vitest/runner/dist/chunk-hooks.js:752:26\n    at file:///datos/repos/Personal/UnaCartaParaIsaBackend/node_modules/@vitest/runner/dist/chunk-hooks.js:1897:20\n    at new Promise (<anonymous>)\n    at runWithTimeout (file:///datos/repos/Personal/UnaCartaParaIsaBackend/node_modules/@vitest/runner/dist/chunk-hooks.js:1863:10)\n    at runTest (file:///datos/repos/Personal/UnaCartaParaIsaBackend/node_modules/@vitest/runner/dist/chunk-hooks.js:1574:12)\n    at runSuite (file:///datos/repos/Personal/UnaCartaParaIsaBackend/node_modules/@vitest/runner/dist/chunk-hooks.js:1729:8)\n    at runSuite (file:///datos/repos/Personal/UnaCartaParaIsaBackend/node_modules/@vitest/runner/dist/chunk-hooks.js:1729:8)\n    at runSuite (file:///datos/repos/Personal/UnaCartaParaIsaBackend/node_modules/@vitest/runner/dist/chunk-hooks.js:1729:8)"],"location":{"line":22,"column":5},"meta":{}},{"ancestorTitles":["NormsSystem","Manejo de combate en zonas"],"fullName":"NormsSystem Manejo de combate en zonas no debe detectar violación en zona no protegida","status":"passed","title":"no debe detectar violación en zona no protegida","duration":0.27702099999999064,"failureMessages":[],"location":{"line":33,"column":5},"meta":{}},{"ancestorTitles":["NormsSystem","Despacho de guardias"],"fullName":"NormsSystem Despacho de guardias debe despachar guardia","status":"passed","title":"debe despachar guardia","duration":0.561183999999912,"failureMessages":[],"location":{"line":45,"column":5},"meta":{}},{"ancestorTitles":["NormsSystem","Estadísticas"],"fullName":"NormsSystem Estadísticas debe retornar estadísticas de cumplimiento","status":"failed","title":"debe retornar estadísticas de cumplimiento","duration":0.3004320000000007,"failureMessages":["TypeError: normsSystem.getComplianceStats is not a function\n    at /datos/repos/Personal/UnaCartaParaIsaBackend/tests/systems/NormsSystem.test.ts:59:33\n    at file:///datos/repos/Personal/UnaCartaParaIsaBackend/node_modules/@vitest/runner/dist/chunk-hooks.js:155:11\n    at file:///datos/repos/Personal/UnaCartaParaIsaBackend/node_modules/@vitest/runner/dist/chunk-hooks.js:752:26\n    at file:///datos/repos/Personal/UnaCartaParaIsaBackend/node_modules/@vitest/runner/dist/chunk-hooks.js:1897:20\n    at new Promise (<anonymous>)\n    at runWithTimeout (file:///datos/repos/Personal/UnaCartaParaIsaBackend/node_modules/@vitest/runner/dist/chunk-hooks.js:1863:10)\n    at runTest (file:///datos/repos/Personal/UnaCartaParaIsaBackend/node_modules/@vitest/runner/dist/chunk-hooks.js:1574:12)\n    at runSuite (file:///datos/repos/Personal/UnaCartaParaIsaBackend/node_modules/@vitest/runner/dist/chunk-hooks.js:1729:8)\n    at runSuite (file:///datos/repos/Personal/UnaCartaParaIsaBackend/node_modules/@vitest/runner/dist/chunk-hooks.js:1729:8)\n    at runSuite (file:///datos/repos/Personal/UnaCartaParaIsaBackend/node_modules/@vitest/runner/dist/chunk-hooks.js:1729:8)"],"location":{"line":58,"column":5},"meta":{}}],"startTime":1763973025776,"endTime":1763973025781.3005,"status":"failed","message":"","name":"/datos/repos/Personal/UnaCartaParaIsaBackend/tests/systems/NormsSystem.test.ts"},{"assertionResults":[{"ancestorTitles":["ProductionSystem","Inicialización"],"fullName":"ProductionSystem Inicialización debe inicializar correctamente","status":"passed","title":"debe inicializar correctamente","duration":0.15172099999995226,"failureMessages":[],"location":{"line":84,"column":5},"meta":{}},{"ancestorTitles":["ProductionSystem","Actualización de producción"],"fullName":"ProductionSystem Actualización de producción debe procesar zonas de producción","status":"passed","title":"debe procesar zonas de producción","duration":0.15533100000004652,"failureMessages":[],"location":{"line":90,"column":5},"meta":{}},{"ancestorTitles":["ProductionSystem","Actualización de producción"],"fullName":"ProductionSystem Actualización de producción debe asignar trabajadores a zonas","status":"passed","title":"debe asignar trabajadores a zonas","duration":1.0960280000000466,"failureMessages":[],"location":{"line":96,"column":5},"meta":{}},{"ancestorTitles":["ProductionSystem","Actualización de producción"],"fullName":"ProductionSystem Actualización de producción debe producir recursos según el tipo de zona","status":"passed","title":"debe producir recursos según el tipo de zona","duration":0.24383100000000013,"failureMessages":[],"location":{"line":103,"column":5},"meta":{}},{"ancestorTitles":["ProductionSystem","Configuración personalizada"],"fullName":"ProductionSystem Configuración personalizada debe aceptar configuración personalizada","status":"passed","title":"debe aceptar configuración personalizada","duration":0.1525609999999915,"failureMessages":[],"location":{"line":114,"column":5},"meta":{}}],"startTime":1763973026024,"endTime":1763973026026.244,"status":"passed","message":"","name":"/datos/repos/Personal/UnaCartaParaIsaBackend/tests/systems/ProductionSystem.test.ts"},{"assertionResults":[{"ancestorTitles":["QuestSystem","Inicialización"],"fullName":"QuestSystem Inicialización debe inicializar correctamente","status":"passed","title":"debe inicializar correctamente","duration":1.110467999999969,"failureMessages":[],"location":{"line":16,"column":5},"meta":{}},{"ancestorTitles":["QuestSystem","Gestión de quests"],"fullName":"QuestSystem Gestión de quests debe retornar quests disponibles","status":"passed","title":"debe retornar quests disponibles","duration":0.22469200000000455,"failureMessages":[],"location":{"line":22,"column":5},"meta":{}},{"ancestorTitles":["QuestSystem","Gestión de quests"],"fullName":"QuestSystem Gestión de quests debe iniciar quest","status":"passed","title":"debe iniciar quest","duration":0.2639520000000175,"failureMessages":[],"location":{"line":27,"column":5},"meta":{}},{"ancestorTitles":["QuestSystem","Gestión de quests"],"fullName":"QuestSystem Gestión de quests debe retornar progreso de quest","status":"passed","title":"debe retornar progreso de quest","duration":0.18853100000001177,"failureMessages":[],"location":{"line":35,"column":5},"meta":{}}],"startTime":1763973026038,"endTime":1763973026040.264,"status":"passed","message":"","name":"/datos/repos/Personal/UnaCartaParaIsaBackend/tests/systems/QuestSystem.test.ts"},{"assertionResults":[{"ancestorTitles":["ReputationSystem","Inicialización"],"fullName":"ReputationSystem Inicialización debe inicializar correctamente","status":"passed","title":"debe inicializar correctamente","duration":0.12288100000000668,"failureMessages":[],"location":{"line":16,"column":5},"meta":{}},{"ancestorTitles":["ReputationSystem","Gestión de confianza"],"fullName":"ReputationSystem Gestión de confianza debe actualizar confianza entre agentes","status":"passed","title":"debe actualizar confianza entre agentes","duration":0.23622100000000046,"failureMessages":[],"location":{"line":22,"column":5},"meta":{}},{"ancestorTitles":["ReputationSystem","Gestión de confianza"],"fullName":"ReputationSystem Gestión de confianza debe retornar confianza inicial si no existe","status":"passed","title":"debe retornar confianza inicial si no existe","duration":1.0101960000000645,"failureMessages":[],"location":{"line":28,"column":5},"meta":{}},{"ancestorTitles":["ReputationSystem","Gestión de confianza"],"fullName":"ReputationSystem Gestión de confianza debe limitar confianza entre 0 y 1","status":"passed","title":"debe limitar confianza entre 0 y 1","duration":0.2656220000000076,"failureMessages":[],"location":{"line":33,"column":5},"meta":{}},{"ancestorTitles":["ReputationSystem","Gestión de reputación"],"fullName":"ReputationSystem Gestión de reputación debe actualizar reputación de agente","status":"passed","title":"debe actualizar reputación de agente","duration":0.23390099999994618,"failureMessages":[],"location":{"line":42,"column":5},"meta":{}},{"ancestorTitles":["ReputationSystem","Gestión de reputación"],"fullName":"ReputationSystem Gestión de reputación debe retornar reputación inicial si no existe","status":"passed","title":"debe retornar reputación inicial si no existe","duration":0.14423099999999067,"failureMessages":[],"location":{"line":48,"column":5},"meta":{}},{"ancestorTitles":["ReputationSystem","Gestión de reputación"],"fullName":"ReputationSystem Gestión de reputación debe limitar reputación entre 0 y 1","status":"passed","title":"debe limitar reputación entre 0 y 1","duration":0.09558100000003833,"failureMessages":[],"location":{"line":53,"column":5},"meta":{}},{"ancestorTitles":["ReputationSystem","Actualización del sistema"],"fullName":"ReputationSystem Actualización del sistema debe actualizar sin errores","status":"passed","title":"debe actualizar sin errores","duration":0.4951229999999214,"failureMessages":[],"location":{"line":62,"column":5},"meta":{}},{"ancestorTitles":["ReputationSystem","Actualización del sistema"],"fullName":"ReputationSystem Actualización del sistema debe degradar confianza con el tiempo","status":"passed","title":"debe degradar confianza con el tiempo","duration":0.1773009999999431,"failureMessages":[],"location":{"line":66,"column":5},"meta":{}}],"startTime":1763973025776,"endTime":1763973025779.1772,"status":"passed","message":"","name":"/datos/repos/Personal/UnaCartaParaIsaBackend/tests/systems/ReputationSystem.test.ts"},{"assertionResults":[{"ancestorTitles":["ResourceReservationSystem","Inicialización"],"fullName":"ResourceReservationSystem Inicialización debe inicializar correctamente","status":"passed","title":"debe inicializar correctamente","duration":0.2023810000000026,"failureMessages":[],"location":{"line":32,"column":5},"meta":{}},{"ancestorTitles":["ResourceReservationSystem","Reserva de recursos"],"fullName":"ResourceReservationSystem Reserva de recursos debe reservar recursos","status":"passed","title":"debe reservar recursos","duration":0.2012409999999818,"failureMessages":[],"location":{"line":38,"column":5},"meta":{}},{"ancestorTitles":["ResourceReservationSystem","Reserva de recursos"],"fullName":"ResourceReservationSystem Reserva de recursos debe retornar false si no hay recursos suficientes","status":"passed","title":"debe retornar false si no hay recursos suficientes","duration":0.1174609999999916,"failureMessages":[],"location":{"line":43,"column":5},"meta":{}},{"ancestorTitles":["ResourceReservationSystem","Reserva de recursos"],"fullName":"ResourceReservationSystem Reserva de recursos debe retornar false si la tarea ya está reservada","status":"passed","title":"debe retornar false si la tarea ya está reservada","duration":0.33335199999999077,"failureMessages":[],"location":{"line":48,"column":5},"meta":{}},{"ancestorTitles":["ResourceReservationSystem","Consumo de recursos"],"fullName":"ResourceReservationSystem Consumo de recursos debe consumir recursos reservados","status":"passed","title":"debe consumir recursos reservados","duration":0.3010019999999827,"failureMessages":[],"location":{"line":56,"column":5},"meta":{}},{"ancestorTitles":["ResourceReservationSystem","Consumo de recursos"],"fullName":"ResourceReservationSystem Consumo de recursos debe retornar false si no hay reserva","status":"passed","title":"debe retornar false si no hay reserva","duration":0.09818099999995411,"failureMessages":[],"location":{"line":62,"column":5},"meta":{}},{"ancestorTitles":["ResourceReservationSystem","Liberación de recursos"],"fullName":"ResourceReservationSystem Liberación de recursos debe liberar recursos reservados","status":"passed","title":"debe liberar recursos reservados","duration":0.2530020000000377,"failureMessages":[],"location":{"line":69,"column":5},"meta":{}},{"ancestorTitles":["ResourceReservationSystem","Liberación de recursos"],"fullName":"ResourceReservationSystem Liberación de recursos debe retornar false si no hay reserva para liberar","status":"passed","title":"debe retornar false si no hay reserva para liberar","duration":0.12359099999997625,"failureMessages":[],"location":{"line":75,"column":5},"meta":{}},{"ancestorTitles":["ResourceReservationSystem","Recursos disponibles"],"fullName":"ResourceReservationSystem Recursos disponibles debe calcular recursos disponibles","status":"passed","title":"debe calcular recursos disponibles","duration":0.24863199999998642,"failureMessages":[],"location":{"line":82,"column":5},"meta":{}},{"ancestorTitles":["ResourceReservationSystem","Recursos disponibles"],"fullName":"ResourceReservationSystem Recursos disponibles debe incluir recursos reservados si se solicita","status":"passed","title":"debe incluir recursos reservados si se solicita","duration":0.25493099999999913,"failureMessages":[],"location":{"line":89,"column":5},"meta":{}},{"ancestorTitles":["ResourceReservationSystem","Total reservado"],"fullName":"ResourceReservationSystem Total reservado debe calcular total de recursos reservados","status":"passed","title":"debe calcular total de recursos reservados","duration":1.1808680000000322,"failureMessages":[],"location":{"line":98,"column":5},"meta":{}},{"ancestorTitles":["ResourceReservationSystem","Actualización del sistema"],"fullName":"ResourceReservationSystem Actualización del sistema debe actualizar sin errores","status":"passed","title":"debe actualizar sin errores","duration":0.6651039999999853,"failureMessages":[],"location":{"line":109,"column":5},"meta":{}}],"startTime":1763973025409,"endTime":1763973025413.665,"status":"passed","message":"","name":"/datos/repos/Personal/UnaCartaParaIsaBackend/tests/systems/ResourceReservationSystem.test.ts"},{"assertionResults":[{"ancestorTitles":["RoleSystem","Inicialización"],"fullName":"RoleSystem Inicialización debe inicializar correctamente","status":"passed","title":"debe inicializar correctamente","duration":2.1029329999999504,"failureMessages":[],"location":{"line":16,"column":5},"meta":{}},{"ancestorTitles":["RoleSystem","Actualización del sistema"],"fullName":"RoleSystem Actualización del sistema debe actualizar sin errores","status":"passed","title":"debe actualizar sin errores","duration":0.7394050000000334,"failureMessages":[],"location":{"line":22,"column":5},"meta":{}}],"startTime":1763973025528,"endTime":1763973025530.7395,"status":"passed","message":"","name":"/datos/repos/Personal/UnaCartaParaIsaBackend/tests/systems/RoleSystem.test.ts"},{"assertionResults":[{"ancestorTitles":["SocialSystem","Inicialización"],"fullName":"SocialSystem Inicialización debe inicializar correctamente","status":"passed","title":"debe inicializar correctamente","duration":0.09938099999999395,"failureMessages":[],"location":{"line":16,"column":5},"meta":{}},{"ancestorTitles":["SocialSystem","Gestión de afinidad"],"fullName":"SocialSystem Gestión de afinidad debe agregar arista entre dos entidades","status":"passed","title":"debe agregar arista entre dos entidades","duration":0.0973409999999717,"failureMessages":[],"location":{"line":22,"column":5},"meta":{}},{"ancestorTitles":["SocialSystem","Gestión de afinidad"],"fullName":"SocialSystem Gestión de afinidad debe retornar afinidad simétrica","status":"passed","title":"debe retornar afinidad simétrica","duration":0.1044109999999705,"failureMessages":[],"location":{"line":28,"column":5},"meta":{}},{"ancestorTitles":["SocialSystem","Gestión de afinidad"],"fullName":"SocialSystem Gestión de afinidad debe retornar 0 para entidades sin relación","status":"passed","title":"debe retornar 0 para entidades sin relación","duration":0.11585099999996373,"failureMessages":[],"location":{"line":35,"column":5},"meta":{}},{"ancestorTitles":["SocialSystem","Gestión de afinidad"],"fullName":"SocialSystem Gestión de afinidad debe retornar 1 para la misma entidad","status":"passed","title":"debe retornar 1 para la misma entidad","duration":0.1988410000000158,"failureMessages":[],"location":{"line":40,"column":5},"meta":{}},{"ancestorTitles":["SocialSystem","Gestión de afinidad"],"fullName":"SocialSystem Gestión de afinidad debe limitar afinidad entre -1 y 1","status":"passed","title":"debe limitar afinidad entre -1 y 1","duration":0.8749859999999785,"failureMessages":[],"location":{"line":45,"column":5},"meta":{}},{"ancestorTitles":["SocialSystem","Gestión de afinidad"],"fullName":"SocialSystem Gestión de afinidad debe acumular cambios de afinidad","status":"passed","title":"debe acumular cambios de afinidad","duration":0.06303000000002612,"failureMessages":[],"location":{"line":52,"column":5},"meta":{}},{"ancestorTitles":["SocialSystem","Actualización del sistema"],"fullName":"SocialSystem Actualización del sistema debe actualizar sin errores","status":"passed","title":"debe actualizar sin errores","duration":0.4314420000000041,"failureMessages":[],"location":{"line":61,"column":5},"meta":{}},{"ancestorTitles":["SocialSystem","Actualización del sistema"],"fullName":"SocialSystem Actualización del sistema debe degradar afinidad con el tiempo","status":"passed","title":"debe degradar afinidad con el tiempo","duration":0.12493100000000368,"failureMessages":[],"location":{"line":65,"column":5},"meta":{}},{"ancestorTitles":["SocialSystem","Actualización del sistema"],"fullName":"SocialSystem Actualización del sistema no debe degradar afinidad por debajo de 0","status":"passed","title":"no debe degradar afinidad por debajo de 0","duration":0.20076199999999744,"failureMessages":[],"location":{"line":75,"column":5},"meta":{}},{"ancestorTitles":["SocialSystem","Configuración personalizada"],"fullName":"SocialSystem Configuración personalizada debe aceptar configuración personalizada","status":"passed","title":"debe aceptar configuración personalizada","duration":0.06207000000000562,"failureMessages":[],"location":{"line":89,"column":5},"meta":{}}],"startTime":1763973025533,"endTime":1763973025535.2007,"status":"passed","message":"","name":"/datos/repos/Personal/UnaCartaParaIsaBackend/tests/systems/SocialSystem.test.ts"},{"assertionResults":[{"ancestorTitles":["TaskSystem","Inicialización"],"fullName":"TaskSystem Inicialización debe inicializar correctamente","status":"passed","title":"debe inicializar correctamente","duration":0.1849610000000439,"failureMessages":[],"location":{"line":29,"column":5},"meta":{}},{"ancestorTitles":["TaskSystem","Creación de tareas"],"fullName":"TaskSystem Creación de tareas debe crear tarea","status":"passed","title":"debe crear tarea","duration":1.0713870000000725,"failureMessages":[],"location":{"line":35,"column":5},"meta":{}},{"ancestorTitles":["TaskSystem","Creación de tareas"],"fullName":"TaskSystem Creación de tareas debe retornar null si no hay recursos suficientes","status":"passed","title":"debe retornar null si no hay recursos suficientes","duration":0.1636509999999589,"failureMessages":[],"location":{"line":45,"column":5},"meta":{}},{"ancestorTitles":["TaskSystem","Contribución a tareas"],"fullName":"TaskSystem Contribución a tareas debe permitir contribuir a tarea","status":"passed","title":"debe permitir contribuir a tarea","duration":0.34990300000004027,"failureMessages":[],"location":{"line":60,"column":5},"meta":{}},{"ancestorTitles":["TaskSystem","Actualización del sistema"],"fullName":"TaskSystem Actualización del sistema debe actualizar sin errores","status":"passed","title":"debe actualizar sin errores","duration":0.44902299999989737,"failureMessages":[],"location":{"line":75,"column":5},"meta":{}}],"startTime":1763973026020,"endTime":1763973026022.449,"status":"passed","message":"","name":"/datos/repos/Personal/UnaCartaParaIsaBackend/tests/systems/TaskSystem.test.ts"},{"assertionResults":[{"ancestorTitles":["TimeSystem","Inicialización"],"fullName":"TimeSystem Inicialización debe inicializar correctamente","status":"passed","title":"debe inicializar correctamente","duration":0.06914100000005874,"failureMessages":[],"location":{"line":24,"column":5},"meta":{}},{"ancestorTitles":["TimeSystem","Inicialización"],"fullName":"TimeSystem Inicialización debe tener tiempo inicial configurado","status":"passed","title":"debe tener tiempo inicial configurado","duration":0.14714100000003327,"failureMessages":[],"location":{"line":30,"column":5},"meta":{}},{"ancestorTitles":["TimeSystem","Inicialización"],"fullName":"TimeSystem Inicialización debe tener clima inicial configurado","status":"passed","title":"debe tener clima inicial configurado","duration":0.19873100000006616,"failureMessages":[],"location":{"line":41,"column":5},"meta":{}},{"ancestorTitles":["TimeSystem","Actualización de tiempo"],"fullName":"TimeSystem Actualización de tiempo debe actualizar el tiempo correctamente","status":"passed","title":"debe actualizar el tiempo correctamente","duration":0.1455110000000559,"failureMessages":[],"location":{"line":51,"column":5},"meta":{}},{"ancestorTitles":["TimeSystem","Actualización de tiempo"],"fullName":"TimeSystem Actualización de tiempo debe cambiar la fase del día según la hora","status":"passed","title":"debe cambiar la fase del día según la hora","duration":0.27778200000000197,"failureMessages":[],"location":{"line":58,"column":5},"meta":{}},{"ancestorTitles":["TimeSystem","Actualización de tiempo"],"fullName":"TimeSystem Actualización de tiempo debe calcular el nivel de luz correctamente","status":"passed","title":"debe calcular el nivel de luz correctamente","duration":0.1927610000000186,"failureMessages":[],"location":{"line":81,"column":5},"meta":{}},{"ancestorTitles":["TimeSystem","Actualización de tiempo"],"fullName":"TimeSystem Actualización de tiempo debe calcular la temperatura correctamente","status":"passed","title":"debe calcular la temperatura correctamente","duration":0.10241100000007464,"failureMessages":[],"location":{"line":91,"column":5},"meta":{}},{"ancestorTitles":["TimeSystem","Gestión de clima"],"fullName":"TimeSystem Gestión de clima debe permitir establecer el clima manualmente","status":"passed","title":"debe permitir establecer el clima manualmente","duration":0.1222810000000436,"failureMessages":[],"location":{"line":103,"column":5},"meta":{}},{"ancestorTitles":["TimeSystem","Gestión de clima"],"fullName":"TimeSystem Gestión de clima debe calcular la visibilidad según el clima","status":"passed","title":"debe calcular la visibilidad según el clima","duration":0.32700199999999313,"failureMessages":[],"location":{"line":109,"column":5},"meta":{}},{"ancestorTitles":["TimeSystem","Gestión de clima"],"fullName":"TimeSystem Gestión de clima debe calcular el confort según el clima y temperatura","status":"passed","title":"debe calcular el confort según el clima y temperatura","duration":0.1666010000000142,"failureMessages":[],"location":{"line":120,"column":5},"meta":{}},{"ancestorTitles":["TimeSystem","Gestión de clima"],"fullName":"TimeSystem Gestión de clima debe actualizar el clima automáticamente","status":"passed","title":"debe actualizar el clima automáticamente","duration":1.1431079999999838,"failureMessages":[],"location":{"line":130,"column":5},"meta":{}},{"ancestorTitles":["TimeSystem","Métodos de utilidad"],"fullName":"TimeSystem Métodos de utilidad debe retornar string de tiempo formateado","status":"passed","title":"debe retornar string de tiempo formateado","duration":0.6434040000000323,"failureMessages":[],"location":{"line":142,"column":5},"meta":{}},{"ancestorTitles":["TimeSystem","Métodos de utilidad"],"fullName":"TimeSystem Métodos de utilidad debe retornar el tiempo del día correcto","status":"passed","title":"debe retornar el tiempo del día correcto","duration":1.3727390000000241,"failureMessages":[],"location":{"line":149,"column":5},"meta":{}},{"ancestorTitles":["TimeSystem","Métodos de utilidad"],"fullName":"TimeSystem Métodos de utilidad debe retornar estadísticas del sistema","status":"passed","title":"debe retornar estadísticas del sistema","duration":0.4585429999999633,"failureMessages":[],"location":{"line":163,"column":5},"meta":{}},{"ancestorTitles":["TimeSystem","Configuración personalizada"],"fullName":"TimeSystem Configuración personalizada debe aceptar configuración personalizada","status":"passed","title":"debe aceptar configuración personalizada","duration":0.15809100000001308,"failureMessages":[],"location":{"line":176,"column":5},"meta":{}}],"startTime":1763973025921,"endTime":1763973025927.1582,"status":"passed","message":"","name":"/datos/repos/Personal/UnaCartaParaIsaBackend/tests/systems/TimeSystem.test.ts"},{"assertionResults":[{"ancestorTitles":["TradeSystem","Inicialización"],"fullName":"TradeSystem Inicialización debe inicializar correctamente","status":"passed","title":"debe inicializar correctamente","duration":0.097171000000003,"failureMessages":[],"location":{"line":16,"column":5},"meta":{}},{"ancestorTitles":["TradeSystem","Creación de ofertas"],"fullName":"TradeSystem Creación de ofertas debe crear oferta de comercio","status":"passed","title":"debe crear oferta de comercio","duration":0.18581199999999853,"failureMessages":[],"location":{"line":22,"column":5},"meta":{}},{"ancestorTitles":["TradeSystem","Creación de ofertas"],"fullName":"TradeSystem Creación de ofertas debe retornar ofertas disponibles","status":"passed","title":"debe retornar ofertas disponibles","duration":1.2998979999999847,"failureMessages":[],"location":{"line":31,"column":5},"meta":{}},{"ancestorTitles":["TradeSystem","Creación de ofertas"],"fullName":"TradeSystem Creación de ofertas debe retornar ofertas de un vendedor","status":"passed","title":"debe retornar ofertas de un vendedor","duration":0.2437709999999811,"failureMessages":[],"location":{"line":42,"column":5},"meta":{}},{"ancestorTitles":["TradeSystem","Aceptación de ofertas"],"fullName":"TradeSystem Aceptación de ofertas debe aceptar oferta válida","status":"passed","title":"debe aceptar oferta válida","duration":0.3762029999999754,"failureMessages":[],"location":{"line":55,"column":5},"meta":{}},{"ancestorTitles":["TradeSystem","Aceptación de ofertas"],"fullName":"TradeSystem Aceptación de ofertas no debe aceptar oferta expirada","status":"passed","title":"no debe aceptar oferta expirada","duration":0.14332100000001446,"failureMessages":[],"location":{"line":66,"column":5},"meta":{}},{"ancestorTitles":["TradeSystem","Aceptación de ofertas"],"fullName":"TradeSystem Aceptación de ofertas no debe aceptar oferta del mismo vendedor","status":"passed","title":"no debe aceptar oferta del mismo vendedor","duration":0.16023100000001023,"failureMessages":[],"location":{"line":81,"column":5},"meta":{}},{"ancestorTitles":["TradeSystem","Rechazo y cancelación"],"fullName":"TradeSystem Rechazo y cancelación debe rechazar oferta","status":"passed","title":"debe rechazar oferta","duration":0.11452100000002474,"failureMessages":[],"location":{"line":94,"column":5},"meta":{}},{"ancestorTitles":["TradeSystem","Rechazo y cancelación"],"fullName":"TradeSystem Rechazo y cancelación debe cancelar oferta","status":"passed","title":"debe cancelar oferta","duration":0.27820199999996476,"failureMessages":[],"location":{"line":105,"column":5},"meta":{}}],"startTime":1763973025402,"endTime":1763973025405.2783,"status":"passed","message":"","name":"/datos/repos/Personal/UnaCartaParaIsaBackend/tests/systems/TradeSystem.test.ts"},{"assertionResults":[{"ancestorTitles":["WorldResourceSystem","Inicialización"],"fullName":"WorldResourceSystem Inicialización debe inicializar correctamente","status":"passed","title":"debe inicializar correctamente","duration":0.22512200000005578,"failureMessages":[],"location":{"line":18,"column":5},"meta":{}},{"ancestorTitles":["WorldResourceSystem","Spawn de recursos"],"fullName":"WorldResourceSystem Spawn de recursos debe spawnear recurso en el mundo","status":"passed","title":"debe spawnear recurso en el mundo","duration":1.041347000000087,"failureMessages":[],"location":{"line":24,"column":5},"meta":{}},{"ancestorTitles":["WorldResourceSystem","Spawn de recursos"],"fullName":"WorldResourceSystem Spawn de recursos debe retornar null para tipo inválido","status":"passed","title":"debe retornar null para tipo inválido","duration":0.24067199999990407,"failureMessages":[],"location":{"line":34,"column":5},"meta":{}},{"ancestorTitles":["WorldResourceSystem","Actualización del sistema"],"fullName":"WorldResourceSystem Actualización del sistema debe actualizar sin errores","status":"passed","title":"debe actualizar sin errores","duration":0.570212999999967,"failureMessages":[],"location":{"line":45,"column":5},"meta":{}}],"startTime":1763973026159,"endTime":1763973026160.5703,"status":"passed","message":"","name":"/datos/repos/Personal/UnaCartaParaIsaBackend/tests/systems/WorldResourceSystem.test.ts"}]}